<?xml version="1.0" encoding="UTF-8"?>
<!-- Generated by org.testng.reporters.JUnitXMLReporter -->
<testsuite ignored="0" hostname="Zebronics" failures="1" tests="3" name="Test" time="9.339" errors="0" timestamp="2024-02-13T17:27:16 IST">
  <testcase classname="BlazeDemoFilghtTest" name="testHomePageTitle" time="1.624">
    <failure type="java.lang.AssertionError" message="Home Page title mismatch">
      <![CDATA[java.lang.AssertionError: Home Page title mismatch
at BlazeDemoFilghtTest.testHomePageTitle(BlazeDemoFilghtTest.java:40)
at java.base/java.util.ArrayList.forEach(ArrayList.java:1596)
... Removed 25 stack frames]]>
    </failure>
  </testcase> <!-- testHomePageTitle -->
  <testcase classname="BlazeDemoFilghtTest" name="testDestinationOfTheWeekLink" time="3.43"/>
  <testcase classname="BlazeDemoFilghtTest" name="testFlightBooking" time="1.871"/>
</testsuite> <!-- Test -->
